<?xml version="1.0" encoding="UTF-8"?>
<!-- Generated by org.testng.reporters.JUnitXMLReporter -->
<testsuite hostname="DESKTOP-EA30RFA" ignored="0" name="Default test" tests="3" failures="0" timestamp="2020-07-19T00:37:56 IST" time="30.317" errors="0">
  <testcase name="LaunchingURL" time="12.175" classname="testcases.Amazontc001"/>
  <testcase name="Loggingin" time="17.187" classname="testcases.Amazontc001"/>
  <testcase name="checkingdeals" time="0.85" classname="testcases.Amazontc001"/>
</testsuite> <!-- Default test -->
