<?xml version="1.0" encoding="UTF-8"?>
<!-- Generated by org.testng.reporters.JUnitXMLReporter -->
<testsuite hostname="DESKTOP-EA30RFA" ignored="0" name="sample" tests="6" failures="0" timestamp="2020-07-01T13:20:04 IST" time="0.023" errors="0">
  <testcase name="arraylooping" time="0.002" classname="testcases.samplethree"/>
  <testcase name="javaconcat" time="0.001" classname="testcases.samplethree"/>
  <testcase name="javadowhile" time="0.002" classname="testcases.samplethree"/>
  <testcase name="javaswitch" time="0.002" classname="testcases.samplethree"/>
  <testcase name="javatwodimensionalarray" time="0.001" classname="testcases.samplethree"/>
  <testcase name="javawhile" time="0.001" classname="testcases.samplethree"/>
</testsuite> <!-- sample -->
