<?xml version="1.0" encoding="UTF-8"?>
<!-- Generated by org.testng.reporters.JUnitXMLReporter -->
<testsuite hostname="DESKTOP-EA30RFA" ignored="0" name="Sample_tests" tests="4" failures="0" timestamp="2020-07-02T11:07:35 IST" time="0.077" errors="0">
  <testcase name="name" time="0.0" classname="testcases.sampleone"/>
  <testcase name="sum" time="0.0" classname="testcases.sampleone"/>
  <testcase name="methodone" time="0.0" classname="testcases.sampletwo"/>
  <testcase name="methodtwo" time="0.0" classname="testcases.sampletwo"/>
</testsuite> <!-- Sample_tests -->
