<?xml version="1.0" encoding="UTF-8"?>
<testng-results skipped="0" failed="0" ignored="0" total="3" passed="3">
  <reporter-output>
  </reporter-output>
  <suite name="Default suite" duration-ms="30317" started-at="2020-07-19T00:37:25 IST" finished-at="2020-07-19T00:37:56 IST">
    <groups>
    </groups>
    <test name="Default test" duration-ms="30317" started-at="2020-07-19T00:37:25 IST" finished-at="2020-07-19T00:37:56 IST">
      <class name="testcases.Amazontc001">
        <test-method status="PASS" signature="LaunchingURL()[pri:0, instance:testcases.Amazontc001@17579e0f]" name="LaunchingURL" duration-ms="12175" started-at="2020-07-19T00:37:25 IST" finished-at="2020-07-19T00:37:37 IST">
          <reporter-output>
          </reporter-output>
        </test-method> <!-- LaunchingURL -->
        <test-method status="PASS" signature="Loggingin()[pri:0, instance:testcases.Amazontc001@17579e0f]" name="Loggingin" duration-ms="17187" started-at="2020-07-19T00:37:37 IST" finished-at="2020-07-19T00:37:55 IST">
          <reporter-output>
          </reporter-output>
        </test-method> <!-- Loggingin -->
        <test-method status="PASS" signature="checkingdeals()[pri:0, instance:testcases.Amazontc001@17579e0f]" name="checkingdeals" duration-ms="850" started-at="2020-07-19T00:37:55 IST" finished-at="2020-07-19T00:37:56 IST">
          <reporter-output>
          </reporter-output>
        </test-method> <!-- checkingdeals -->
      </class> <!-- testcases.Amazontc001 -->
    </test> <!-- Default test -->
  </suite> <!-- Default suite -->
</testng-results>
